<?xml version="1.0" encoding="UTF-8"?>
<!-- Generated by org.testng.reporters.JUnitReportReporter -->
<testsuite skipped="0" hostname="admin-PC" name="paralleltest.Paralleltestexample" tests="3" failures="0" timestamp="16 May 2019 12:25:52 GMT" time="96.126" errors="0">
  <testcase name="executSessionThree" time="32.391" classname="paralleltest.Paralleltestexample"/>
  <testcase name="executSessionOne" time="33.343" classname="paralleltest.Paralleltestexample"/>
  <testcase name="executeSessionTwo" time="30.392" classname="paralleltest.Paralleltestexample"/>
</testsuite> <!-- paralleltest.Paralleltestexample -->
