<?xml version="1.0" encoding="UTF-8"?>
<!-- Generated by org.testng.reporters.JUnitReportReporter -->
<testsuite skipped="0" hostname="admin-PC" name="com.book.package1.a.secondtest" tests="2" failures="0" timestamp="16 May 2019 04:07:44 GMT" time="0.005" errors="0">
  <testcase name="firstmethod" time="0.002" classname="com.book.package1.a.secondtest"/>
  <testcase name="secondmethod" time="0.003" classname="com.book.package1.a.secondtest"/>
</testsuite> <!-- com.book.package1.a.secondtest -->
