<?xml version="1.0" encoding="UTF-8"?>
<!-- Generated by org.testng.reporters.JUnitReportReporter -->
<testsuite skipped="0" hostname="admin-PC" name="com.book.secondtest" tests="2" failures="0" timestamp="16 May 2019 03:54:24 GMT" time="0.003" errors="0">
  <testcase name="firstmethod" time="0.002" classname="com.book.secondtest"/>
  <testcase name="secondmethod" time="0.001" classname="com.book.secondtest"/>
</testsuite> <!-- com.book.secondtest -->
