<?xml version="1.0" encoding="UTF-8"?>
<!-- Generated by org.testng.reporters.JUnitReportReporter -->
<testsuite skipped="0" hostname="admin-PC" name="testNGtest.NewTestNGtest" tests="1" failures="0" timestamp="16 May 2019 10:31:12 GMT" time="0.024" errors="0">
  <testcase name="titleverificationtest" time="0.024" classname="testNGtest.NewTestNGtest"/>
</testsuite> <!-- testNGtest.NewTestNGtest -->
