<?xml version="1.0" encoding="UTF-8"?>
<!-- Generated by org.testng.reporters.JUnitReportReporter -->
<testsuite skipped="0" hostname="admin-PC" name="test.welcare.welcaretest" tests="1" failures="0" timestamp="17 May 2019 14:10:59 GMT" time="1.193" errors="0">
  <testcase name="testcase" time="1.193" classname="test.welcare.welcaretest"/>
</testsuite> <!-- test.welcare.welcaretest -->
