<?xml version="1.0" encoding="UTF-8"?>
<!-- Generated by org.testng.reporters.JUnitReportReporter -->
<testsuite skipped="1" hostname="admin-PC" name="com.BeforeAfter.BeforeAfterTest" tests="2" failures="0" timestamp="16 May 2019 09:50:37 GMT" time="0.006" errors="0">
  <testcase name="testcase3" time="0.006" classname="com.BeforeAfter.BeforeAfterTest"/>
  <testcase name="testcase2" classname="com.BeforeAfter.BeforeAfterTest">
    <skipped/>
  </testcase> <!-- testcase2 -->
</testsuite> <!-- com.BeforeAfter.BeforeAfterTest -->
