<?xml version="1.0" encoding="UTF-8"?>
<!-- Generated by org.testng.reporters.JUnitReportReporter -->
<testsuite skipped="0" hostname="admin-PC" name="priority.Priorityexample" tests="3" failures="0" timestamp="08 Jun 2019 09:54:27 GMT" time="71.956" errors="0">
  <testcase name="openbrowser" time="59.492" classname="priority.Priorityexample"/>
  <testcase name="search" time="7.954" classname="priority.Priorityexample"/>
  <testcase name="tearDown" time="4.510" classname="priority.Priorityexample"/>
</testsuite> <!-- priority.Priorityexample -->
