<?xml version="1.0" encoding="UTF-8"?>
<!-- Generated by org.testng.reporters.JUnitReportReporter -->
<testsuite skipped="0" hostname="admin-PC" name="groupingexample.Groupingexample1" tests="4" failures="0" timestamp="08 Jun 2019 13:18:52 GMT" time="0.016" errors="0">
  <testcase name="m4" time="0.000" classname="groupingexample.Groupingexample1"/>
  <testcase name="m3" time="0.000" classname="groupingexample.Groupingexample1"/>
  <testcase name="m2" time="0.000" classname="groupingexample.Groupingexample1"/>
  <testcase name="m1" time="0.016" classname="groupingexample.Groupingexample1"/>
</testsuite> <!-- groupingexample.Groupingexample1 -->
