<?xml version="1.0" encoding="UTF-8"?>
<!-- Generated by org.testng.reporters.JUnitReportReporter -->
<testsuite skipped="0" hostname="admin-PC" name="com.test.TestNGbasicsTest" tests="1" failures="0" timestamp="16 May 2019 04:47:23 GMT" time="36.238" errors="0">
  <testcase name="testcase6" time="36.238" classname="com.test.TestNGbasicsTest"/>
</testsuite> <!-- com.test.TestNGbasicsTest -->
