<?xml version="1.0" encoding="UTF-8"?>
<!-- Generated by org.testng.reporters.JUnitReportReporter -->
<testsuite skipped="0" hostname="admin-PC" name="groupingexample.Groupingexample1" tests="4" failures="0" timestamp="16 May 2019 11:37:15 GMT" time="0.028" errors="0">
  <testcase name="m4" time="0.003" classname="groupingexample.Groupingexample1"/>
  <testcase name="m3" time="0.007" classname="groupingexample.Groupingexample1"/>
  <testcase name="m2" time="0.005" classname="groupingexample.Groupingexample1"/>
  <testcase name="m1" time="0.013" classname="groupingexample.Groupingexample1"/>
</testsuite> <!-- groupingexample.Groupingexample1 -->
