<?xml version="1.0" encoding="UTF-8"?>
<!-- Generated by org.testng.reporters.JUnitReportReporter -->
<testsuite skipped="0" hostname="admin-PC" name="com.book.package1.firsttest" tests="2" failures="0" timestamp="16 May 2019 05:20:42 GMT" time="0.014" errors="0">
  <testcase name="firstmethod" time="0.013" classname="com.book.package1.firsttest"/>
  <testcase name="secondmethod" time="0.001" classname="com.book.package1.firsttest"/>
</testsuite> <!-- com.book.package1.firsttest -->
