<?xml version="1.0" encoding="UTF-8"?>
<!-- Generated by org.testng.reporters.JUnitReportReporter -->
<testsuite skipped="0" hostname="admin-PC" name="testNGtest.NewTestNGtesttwo" tests="3" failures="0" timestamp="16 May 2019 10:54:30 GMT" time="44.250" errors="0">
  <testcase name="titlesverificationtest3" time="16.088" classname="testNGtest.NewTestNGtesttwo"/>
  <testcase name="titlesverificationtest2" time="13.895" classname="testNGtest.NewTestNGtesttwo"/>
  <testcase name="titlesverificationtest1" time="14.267" classname="testNGtest.NewTestNGtesttwo"/>
</testsuite> <!-- testNGtest.NewTestNGtesttwo -->
