<?xml version="1.0" encoding="UTF-8"?>
<!-- Generated by org.testng.reporters.JUnitReportReporter -->
<testsuite skipped="0" hostname="admin-PC" name="com.book.firsttest" tests="2" failures="0" timestamp="16 May 2019 03:54:24 GMT" time="0.015" errors="0">
  <testcase name="firstmethod" time="0.012" classname="com.book.firsttest"/>
  <testcase name="secondmethod" time="0.003" classname="com.book.firsttest"/>
</testsuite> <!-- com.book.firsttest -->
