<?xml version="1.0" encoding="UTF-8"?>
<!-- Generated by org.testng.reporters.JUnitReportReporter -->
<testsuite skipped="0" hostname="admin-PC" name="com.book.package1.secondtest" tests="2" failures="0" timestamp="16 May 2019 05:20:42 GMT" time="0.009" errors="0">
  <testcase name="firstmethod" time="0.007" classname="com.book.package1.secondtest"/>
  <testcase name="secondmethod" time="0.002" classname="com.book.package1.secondtest"/>
</testsuite> <!-- com.book.package1.secondtest -->
