<?xml version="1.0" encoding="UTF-8"?>
<!-- Generated by org.testng.reporters.JUnitReportReporter -->
<testsuite skipped="0" hostname="admin-PC" name="com.book.package2.firsttest" tests="2" failures="0" timestamp="16 May 2019 05:01:56 GMT" time="0.039" errors="0">
  <testcase name="firstmethod" time="0.037" classname="com.book.package2.firsttest"/>
  <testcase name="secondmethod" time="0.002" classname="com.book.package2.firsttest"/>
</testsuite> <!-- com.book.package2.firsttest -->
